<?xml version="1.0" encoding="UTF-8"?>
<!-- Generated by org.testng.reporters.JUnitReportReporter -->
<testsuite hostname="HPDB0273" name="hris.NewTest" tests="4" failures="0" timestamp="21 Jun 2018 10:54:09 GMT" time="5.963" errors="0">
  <testcase name="attempt_Login_With_Correct_Credentials_Should_Not_Render_PasswordField" time="3.408" classname="hris.NewTest"/>
  <testcase name="attempt_Login_With_Incorrect_Password_Should_Render_Error_Message" time="2.242" classname="hris.NewTest"/>
  <testcase name="attempt_Login_With_No_Password_Should_Annotate_Black_Password_Field" time="0.307" classname="hris.NewTest"/>
  <testcase name="attempt_Login_With_Correct_Credentials_Should_Open_TimeSheet" time="0.006" classname="hris.NewTest"/>
</testsuite> <!-- hris.NewTest -->
